<?xml version="1.0" encoding="UTF-8"?>
<!-- Generated by org.testng.reporters.JUnitReportReporter -->
<testsuite hostname="01wxdv001057" failures="0" tests="1" name="com.browserstack.BStackDemoTest" time="21.636" errors="0" timestamp="2024-03-07T16:30:17 EST" skipped="0">
  <testcase classname="com.browserstack.BStackDemoTest" name="addProductToCart" time="21.636"/>
  <system-out/>
</testsuite> <!-- com.browserstack.BStackDemoTest -->
