<?xml version="1.0" encoding="UTF-8"?>
<!-- Generated by org.testng.reporters.JUnitReportReporter -->
<testsuite hostname="01wxdv001057" failures="0" tests="1" name="com.browserstack.EAQSWT_SEL_Habitation_coproprietaire" time="65.825" errors="0" timestamp="2024-06-05T10:19:48 HAE" skipped="0">
  <testcase classname="com.browserstack.EAQSWT_SEL_Habitation_coproprietaire" name="Soumission_simple" time="65.825"/>
  <system-out/>
</testsuite> <!-- com.browserstack.EAQSWT_SEL_Habitation_coproprietaire -->
