<?xml version="1.0" encoding="UTF-8"?>
<!-- Generated by org.testng.reporters.JUnitReportReporter -->
<testsuite hostname="01wxdv001057" failures="0" tests="1" name="com.browserstack.Mobilebis_EAQSWT_SEL_Habitation_proprietaire" time="114.033" errors="0" timestamp="2024-06-18T08:21:16 HAE" skipped="0">
  <testcase classname="com.browserstack.Mobilebis_EAQSWT_SEL_Habitation_proprietaire" name="Soumission_simple" time="114.033"/>
  <system-out/>
</testsuite> <!-- com.browserstack.Mobilebis_EAQSWT_SEL_Habitation_proprietaire -->
