<?xml version="1.0" encoding="UTF-8"?>
<!-- Generated by org.testng.reporters.JUnitReportReporter -->
<testsuite hostname="01wxdv001057" failures="0" tests="1" name="com.browserstack.EAQSWT_SEL_Habitation_Bandeau_cookies_EN" time="69.081" errors="0" timestamp="2024-06-13T11:54:34 HAE" skipped="0">
  <testcase classname="com.browserstack.EAQSWT_SEL_Habitation_Bandeau_cookies_EN" name="Controle_Bandeau_cookies" time="69.081"/>
  <system-out/>
</testsuite> <!-- com.browserstack.EAQSWT_SEL_Habitation_Bandeau_cookies_EN -->
