<?xml version="1.0" encoding="UTF-8"?>
<!-- Generated by org.testng.reporters.JUnitReportReporter -->
<testsuite hostname="01wxdv001057" failures="0" tests="1" name="com.browserstack.EAQSWT_SEL_Auto_Vehicule_auto" time="76.247" errors="0" timestamp="2024-06-06T10:33:51 HAE" skipped="0">
  <testcase classname="com.browserstack.EAQSWT_SEL_Auto_Vehicule_auto" name="Soumission_simple" time="76.247"/>
  <system-out/>
</testsuite> <!-- com.browserstack.EAQSWT_SEL_Auto_Vehicule_auto -->
