<?xml version="1.0" encoding="UTF-8"?>
<!-- Generated by org.testng.reporters.JUnitReportReporter -->
<testsuite hostname="01wxdv001057" failures="0" tests="1" name="com.browserstack.PremierTest" time="14.249" errors="0" timestamp="2024-02-27T10:07:34 EST" skipped="0">
  <testcase classname="com.browserstack.PremierTest" name="addProductToCart" time="14.249"/>
  <system-out/>
</testsuite> <!-- com.browserstack.PremierTest -->
