<?xml version="1.0" encoding="UTF-8"?>
<!-- Generated by org.testng.reporters.JUnitReportReporter -->
<testsuite hostname="01wxdv001057" failures="0" tests="1" name="com.browserstack.EAQSWT_SEL_Auto_Vehicule_caravane" time="66.279" errors="0" timestamp="2024-06-06T10:01:49 HAE" skipped="0">
  <testcase classname="com.browserstack.EAQSWT_SEL_Auto_Vehicule_caravane" name="Soumission_simple" time="66.279"/>
  <system-out/>
</testsuite> <!-- com.browserstack.EAQSWT_SEL_Auto_Vehicule_caravane -->
