<?xml version="1.0" encoding="UTF-8"?>
<!-- Generated by org.testng.reporters.JUnitReportReporter -->
<testsuite hostname="01wxdv001057" failures="0" tests="1" name="com.browserstack.EAQSWT_SEL_Auto_Vehicule_VTT" time="70.927" errors="0" timestamp="2024-06-06T10:49:00 HAE" skipped="0">
  <testcase classname="com.browserstack.EAQSWT_SEL_Auto_Vehicule_VTT" name="Soumission_simple" time="70.927"/>
  <system-out/>
</testsuite> <!-- com.browserstack.EAQSWT_SEL_Auto_Vehicule_VTT -->
