<?xml version="1.0" encoding="UTF-8"?>
<!-- Generated by org.testng.reporters.JUnitReportReporter -->
<testsuite hostname="01wxdv001057" failures="0" tests="1" name="com.browserstack.EAQSWT_SEL_Habitation_proprietaire" time="68.691" errors="0" timestamp="2024-06-14T14:18:36 HAE" skipped="0">
  <testcase classname="com.browserstack.EAQSWT_SEL_Habitation_proprietaire" name="Soumission_simple" time="68.691"/>
  <system-out/>
</testsuite> <!-- com.browserstack.EAQSWT_SEL_Habitation_proprietaire -->
