<?xml version="1.0" encoding="UTF-8"?>
<!-- Generated by org.testng.reporters.JUnitReportReporter -->
<testsuite hostname="01wxdv001057" failures="0" tests="1" name="com.browserstack.EAQSWT_SEL_Auto_Vehicule_moto" time="83.142" errors="0" timestamp="2024-06-06T10:40:17 HAE" skipped="0">
  <testcase classname="com.browserstack.EAQSWT_SEL_Auto_Vehicule_moto" name="Soumission_simple" time="83.142"/>
  <system-out/>
</testsuite> <!-- com.browserstack.EAQSWT_SEL_Auto_Vehicule_moto -->
